2023-03-20 22:00:04,693[INFO]com.codewithSI.fullstackbackend.FullstackBackendApplication [main]Starting FullstackBackendApplication using Java 19.0.2 with PID 23544 (D:\KDU\Sem 5\SCTT\student management system\SMS\fullstack-backend\target\classes started by Wolf Chan in D:\KDU\Sem 5\SCTT\student management system\SMS\fullstack-backend)
2023-03-20 22:00:04,697[INFO]com.codewithSI.fullstackbackend.FullstackBackendApplication [main]No active profile set, falling back to 1 default profile: "default"
2023-03-20 22:00:05,313[INFO]org.springframework.data.repository.config.RepositoryConfigurationDelegate [main]Bootstrapping Spring Data JPA repositories in DEFAULT mode.
2023-03-20 22:00:05,374[INFO]org.springframework.data.repository.config.RepositoryConfigurationDelegate [main]Finished Spring Data repository scanning in 48 ms. Found 1 JPA repository interfaces.
2023-03-20 22:00:05,818[INFO]org.springframework.boot.web.embedded.tomcat.TomcatWebServer [main]Tomcat initialized with port(s): 8080 (http)
2023-03-20 22:00:05,823[INFO]org.apache.catalina.core.StandardService [main]Starting service [Tomcat]
2023-03-20 22:00:05,824[INFO]org.apache.catalina.core.StandardEngine [main]Starting Servlet engine: [Apache Tomcat/10.1.5]
2023-03-20 22:00:05,896[INFO]org.apache.catalina.core.ContainerBase.[Tomcat].[localhost].[/] [main]Initializing Spring embedded WebApplicationContext
2023-03-20 22:00:05,897[INFO]org.springframework.boot.web.servlet.context.ServletWebServerApplicationContext [main]Root WebApplicationContext: initialization completed in 1146 ms
2023-03-20 22:00:06,026[INFO]org.hibernate.jpa.internal.util.LogHelper [main]HHH000204: Processing PersistenceUnitInfo [name: default]
2023-03-20 22:00:06,078[INFO]org.hibernate.Version [main]HHH000412: Hibernate ORM core version 6.1.7.Final
2023-03-20 22:00:06,318[INFO]com.zaxxer.hikari.HikariDataSource [main]HikariPool-1 - Starting...
2023-03-20 22:00:06,322[WARN]com.zaxxer.hikari.util.DriverDataSource [main]Registered driver with driverClassName=com.mysql.jdbc.Driver was not found, trying direct instantiation.
2023-03-20 22:00:06,581[INFO]com.zaxxer.hikari.pool.HikariPool [main]HikariPool-1 - Added connection com.mysql.cj.jdbc.ConnectionImpl@3ea48c37
2023-03-20 22:00:06,582[INFO]com.zaxxer.hikari.HikariDataSource [main]HikariPool-1 - Start completed.
2023-03-20 22:00:06,633[INFO]SQL dialect [main]HHH000400: Using dialect: org.hibernate.dialect.MySQLDialect
2023-03-20 22:00:07,271[INFO]org.hibernate.engine.transaction.jta.platform.internal.JtaPlatformInitiator [main]HHH000490: Using JtaPlatform implementation: [org.hibernate.engine.transaction.jta.platform.internal.NoJtaPlatform]
2023-03-20 22:00:07,276[INFO]org.springframework.orm.jpa.LocalContainerEntityManagerFactoryBean [main]Initialized JPA EntityManagerFactory for persistence unit 'default'
2023-03-20 22:00:07,423[WARN]org.springframework.boot.autoconfigure.orm.jpa.JpaBaseConfiguration$JpaWebConfiguration [main]spring.jpa.open-in-view is enabled by default. Therefore, database queries may be performed during view rendering. Explicitly configure spring.jpa.open-in-view to disable this warning
2023-03-20 22:00:07,629[INFO]org.springframework.boot.web.embedded.tomcat.TomcatWebServer [main]Tomcat started on port(s): 8080 (http) with context path ''
2023-03-20 22:00:07,634[INFO]com.codewithSI.fullstackbackend.FullstackBackendApplication [main]Started FullstackBackendApplication in 3.381 seconds (process running for 3.94)
2023-03-20 22:00:23,828[INFO]org.apache.catalina.core.ContainerBase.[Tomcat].[localhost].[/] [http-nio-8080-exec-1]Initializing Spring DispatcherServlet 'dispatcherServlet'
2023-03-20 22:00:23,828[INFO]org.springframework.web.servlet.DispatcherServlet [http-nio-8080-exec-1]Initializing Servlet 'dispatcherServlet'
2023-03-20 22:00:23,829[INFO]org.springframework.web.servlet.DispatcherServlet [http-nio-8080-exec-1]Completed initialization in 1 ms
